Flow report for FFT_stream
Tue Oct 07 19:00:51 2025
Quartus Prime Version 20.1.1 Build 720 11/11/2020 SJ Lite Edition


---------------------
; Table of Contents ;
---------------------
  1. Legal Notice
  2. Flow Summary
  3. Flow Settings
  4. Flow Non-Default Global Settings
  5. Flow Elapsed Time
  6. Flow OS Summary
  7. Flow Log
  8. Flow Messages
  9. Flow Suppressed Messages



----------------
; Legal Notice ;
----------------
Copyright (C) 2020  Intel Corporation. All rights reserved.
Your use of Intel Corporation's design tools, logic functions 
and other software and tools, and any partner logic 
functions, and any output files from any of the foregoing 
(including device programming or simulation files), and any 
associated documentation or information are expressly subject 
to the terms and conditions of the Intel Program License 
Subscription Agreement, the Intel Quartus Prime License Agreement,
the Intel FPGA IP License Agreement, or other applicable license
agreement, including, without limitation, that your use is for
the sole purpose of programming logic devices manufactured by
Intel and sold by Intel or its authorized distributors.  Please
refer to the applicable agreement for further details, at
https://fpgasoftware.intel.com/eula.



+-------------------------------------------------------------------------------+
; Flow Summary                                                                  ;
+---------------------------------+---------------------------------------------+
; Flow Status                     ; Successful - Tue Oct 07 19:00:51 2025       ;
; Quartus Prime Version           ; 20.1.1 Build 720 11/11/2020 SJ Lite Edition ;
; Revision Name                   ; FFT_stream                                  ;
; Top-level Entity Name           ; top_level                                   ;
; Family                          ; Cyclone V                                   ;
; Device                          ; 5CSEMA5F31C6                                ;
; Timing Models                   ; Final                                       ;
; Logic utilization (in ALMs)     ; 8,025 / 32,070 ( 25 % )                     ;
; Total registers                 ; 12880                                       ;
; Total pins                      ; 41 / 457 ( 9 % )                            ;
; Total virtual pins              ; 0                                           ;
; Total block memory bits         ; 41,344 / 4,065,280 ( 1 % )                  ;
; Total DSP Blocks                ; 87 / 87 ( 100 % )                           ;
; Total HSSI RX PCSs              ; 0                                           ;
; Total HSSI PMA RX Deserializers ; 0                                           ;
; Total HSSI TX PCSs              ; 0                                           ;
; Total HSSI PMA TX Serializers   ; 0                                           ;
; Total PLLs                      ; 2 / 6 ( 33 % )                              ;
; Total DLLs                      ; 0 / 4 ( 0 % )                               ;
+---------------------------------+---------------------------------------------+


+-----------------------------------------+
; Flow Settings                           ;
+-------------------+---------------------+
; Option            ; Setting             ;
+-------------------+---------------------+
; Start date & time ; 10/07/2025 18:48:38 ;
; Main task         ; Compilation         ;
; Revision Name     ; FFT_stream          ;
+-------------------+---------------------+


+--------------------------------------------------------------------------------------------------------------------------------------+
; Flow Non-Default Global Settings                                                                                                     ;
+-----------------------------------------+----------------------------------------+---------------+-------------+---------------------+
; Assignment Name                         ; Value                                  ; Default Value ; Entity Name ; Section Id          ;
+-----------------------------------------+----------------------------------------+---------------+-------------+---------------------+
; COMPILER_SIGNATURE_ID                   ; 216533926484366.175982331832772        ; --            ; --          ; --                  ;
; EDA_DESIGN_INSTANCE_NAME                ; NA                                     ; --            ; --          ; fft_pitch_detect_tb ;
; EDA_NATIVELINK_SIMULATION_TEST_BENCH    ; fft_pitch_detect_tb                    ; --            ; --          ; eda_simulation      ;
; EDA_OUTPUT_DATA_FORMAT                  ; Verilog Hdl                            ; --            ; --          ; eda_simulation      ;
; EDA_SIMULATION_TOOL                     ; ModelSim-Altera (Verilog)              ; <None>        ; --          ; --                  ;
; EDA_TEST_BENCH_ENABLE_STATUS            ; TEST_BENCH_MODE                        ; --            ; --          ; eda_simulation      ;
; EDA_TEST_BENCH_FILE                     ; fft_pitch_detect_tb.sv                 ; --            ; --          ; fft_pitch_detect_tb ;
; EDA_TEST_BENCH_MODULE_NAME              ; fft_pitch_detect_tb                    ; --            ; --          ; fft_pitch_detect_tb ;
; EDA_TEST_BENCH_NAME                     ; fft_pitch_detect_tb                    ; --            ; --          ; eda_simulation      ;
; EDA_TIME_SCALE                          ; 1 ps                                   ; --            ; --          ; eda_simulation      ;
; ENABLE_LOGIC_ANALYZER_INTERFACE         ; Off                                    ; --            ; --          ; --                  ;
; ENABLE_SIGNALTAP                        ; On                                     ; --            ; --          ; --                  ;
; MAX_CORE_JUNCTION_TEMP                  ; 85                                     ; --            ; --          ; --                  ;
; MIN_CORE_JUNCTION_TEMP                  ; 0                                      ; --            ; --          ; --                  ;
; MISC_FILE                               ; mic/i2c_pll_bb.v                       ; --            ; --          ; --                  ;
; MISC_FILE                               ; mic/i2c_pll.ppf                        ; --            ; --          ; --                  ;
; MISC_FILE                               ; mic/adc_pll_bb.v                       ; --            ; --          ; --                  ;
; MISC_FILE                               ; mic/adc_pll.ppf                        ; --            ; --          ; --                  ;
; MISC_FILE                               ; async_fifo_bb.v                        ; --            ; --          ; --                  ;
; PARTITION_COLOR                         ; -- (Not supported for targeted family) ; --            ; top_level   ; Top                 ;
; PARTITION_FITTER_PRESERVATION_LEVEL     ; -- (Not supported for targeted family) ; --            ; top_level   ; Top                 ;
; PARTITION_NETLIST_TYPE                  ; -- (Not supported for targeted family) ; --            ; top_level   ; Top                 ;
; PHYSICAL_SYNTHESIS_REGISTER_DUPLICATION ; On                                     ; Off           ; --          ; --                  ;
; PHYSICAL_SYNTHESIS_REGISTER_RETIMING    ; On                                     ; Off           ; --          ; --                  ;
; POWER_BOARD_THERMAL_MODEL               ; None (CONSERVATIVE)                    ; --            ; --          ; --                  ;
; POWER_PRESET_COOLING_SOLUTION           ; 23 MM HEAT SINK WITH 200 LFPM AIRFLOW  ; --            ; --          ; --                  ;
; PROJECT_OUTPUT_DIRECTORY                ; output_files                           ; --            ; --          ; --                  ;
; SEARCH_PATH                             ; r22sdf                                 ; --            ; --          ; --                  ;
; TOP_LEVEL_ENTITY                        ; top_level                              ; FFT_stream    ; --          ; --                  ;
; USE_SIGNALTAP_FILE                      ; output_files/fft_spectrum_tap.stp      ; --            ; --          ; --                  ;
+-----------------------------------------+----------------------------------------+---------------+-------------+---------------------+


+--------------------------------------------------------------------------------------------------------------------------+
; Flow Elapsed Time                                                                                                        ;
+----------------------+--------------+-------------------------+---------------------+------------------------------------+
; Module Name          ; Elapsed Time ; Average Processors Used ; Peak Virtual Memory ; Total CPU Time (on all processors) ;
+----------------------+--------------+-------------------------+---------------------+------------------------------------+
; Analysis & Synthesis ; 00:01:05     ; 2.1                     ; 5286 MB             ; 00:01:43                           ;
; Fitter               ; 00:10:08     ; 1.3                     ; 8237 MB             ; 00:44:00                           ;
; Assembler            ; 00:00:15     ; 1.0                     ; 5012 MB             ; 00:00:15                           ;
; Timing Analyzer      ; 00:00:23     ; 5.4                     ; 5633 MB             ; 00:01:19                           ;
; EDA Netlist Writer   ; 00:00:08     ; 1.0                     ; 5001 MB             ; 00:00:07                           ;
; Total                ; 00:11:59     ; --                      ; --                  ; 00:47:24                           ;
+----------------------+--------------+-------------------------+---------------------+------------------------------------+


+------------------------------------------------------------------------------------+
; Flow OS Summary                                                                    ;
+----------------------+------------------+------------+------------+----------------+
; Module Name          ; Machine Hostname ; OS Name    ; OS Version ; Processor type ;
+----------------------+------------------+------------+------------+----------------+
; Analysis & Synthesis ; TonyThinkpad     ; Windows 10 ; 10.0       ; x86_64         ;
; Fitter               ; TonyThinkpad     ; Windows 10 ; 10.0       ; x86_64         ;
; Assembler            ; TonyThinkpad     ; Windows 10 ; 10.0       ; x86_64         ;
; Timing Analyzer      ; TonyThinkpad     ; Windows 10 ; 10.0       ; x86_64         ;
; EDA Netlist Writer   ; TonyThinkpad     ; Windows 10 ; 10.0       ; x86_64         ;
+----------------------+------------------+------------+------------+----------------+


------------
; Flow Log ;
------------
quartus_map --read_settings_files=on --write_settings_files=off FFT_stream -c FFT_stream
quartus_fit --read_settings_files=off --write_settings_files=off FFT_stream -c FFT_stream
quartus_asm --read_settings_files=off --write_settings_files=off FFT_stream -c FFT_stream
quartus_sta FFT_stream -c FFT_stream
quartus_eda --read_settings_files=off --write_settings_files=off FFT_stream -c FFT_stream



